

Date:2024-02-22 22:05:07,293
Thread:[1]
Level:ERROR
Logger:InsertBlazorCode.SyncfusionCodeGeneratorMenuCommand                         [(null)]
Message:System.NullReferenceException: Object reference not set to an instance of an object.
   at InsertBlazorCode.SyncfusionCodeGeneratorMenuCommand.queryStatusMenuCommand_BeforeQueryStatus(Object sender, EventArgs e) in C:\Git\RP\vsext_insertblazorcode\SyncfusionBlazorcodegenerator\SyncfusionCodeGeneratorMenuCommand.cs:line 322


Date:2024-02-22 22:05:07,671
Thread:[1]
Level:ERROR
Logger:InsertBlazorCode.SyncfusionCodeGeneratorMenuCommand                         [(null)]
Message:System.NullReferenceException: Object reference not set to an instance of an object.
   at InsertBlazorCode.SyncfusionCodeGeneratorMenuCommand.queryStatusMenuCommand_BeforeQueryStatus(Object sender, EventArgs e) in C:\Git\RP\vsext_insertblazorcode\SyncfusionBlazorcodegenerator\SyncfusionCodeGeneratorMenuCommand.cs:line 322


Date:2024-02-22 22:08:59,829
Thread:[1]
Level:ERROR
Logger:InsertBlazorCode.SyncfusionCodeGeneratorMenuCommand                         [(null)]
Message:System.NullReferenceException: Object reference not set to an instance of an object.
   at InsertBlazorCode.SyncfusionCodeGeneratorMenuCommand.queryStatusMenuCommand_BeforeQueryStatus(Object sender, EventArgs e) in C:\Git\RP\vsext_insertblazorcode\SyncfusionBlazorcodegenerator\SyncfusionCodeGeneratorMenuCommand.cs:line 322


Date:2024-02-22 22:12:56,590
Thread:[1]
Level:ERROR
Logger:InsertBlazorCode.SyncfusionCodeGeneratorMenuCommand                         [(null)]
Message:System.NullReferenceException: Object reference not set to an instance of an object.
   at InsertBlazorCode.SyncfusionCodeGeneratorMenuCommand.queryStatusMenuCommand_BeforeQueryStatus(Object sender, EventArgs e) in C:\Git\RP\vsext_insertblazorcode\SyncfusionBlazorcodegenerator\SyncfusionCodeGeneratorMenuCommand.cs:line 322
